<?xml version="1.0" encoding="UTF-8"?>
<testsuite name="Cucumber" time="154.097" tests="9" skipped="0" failures="2" errors="0" timestamp="2025-08-21T11:36:42.675085Z">
<testcase classname="Check user is able to login with valid credentials" name="Successful Login" time="28.848">
<system-out><![CDATA[
Given login page should open in default browser.............................passed
When page loads click on signin button......................................passed
And click on username and click continue....................................passed
And click on password and click continue....................................passed
Then login successfully and open home page..................................passed
]]></system-out>
</testcase>
<testcase classname="Check search feature" name="" time="8.234">
<system-out><![CDATA[
Given login user and searchbar available....................................passed
When click on searchbar.....................................................passed
And Enter inputs then use keyboard enter key................................passed
Then list of output relevant to input.......................................passed
]]></system-out>
</testcase>
<testcase classname="Check user is able to add item and remove from cart" name="" time="19.978">
<system-out><![CDATA[
Given Page should open in default browser...................................passed
When Page loads navigate to product page....................................passed
And Add item to cart........................................................passed
And Go to Cart page.........................................................passed
And remove item from cart...................................................passed
Then removed item successfully..............................................passed
]]></system-out>
</testcase>
<testcase classname="check user is albe to filter product" name="" time="9.787">
<system-out><![CDATA[
Given filter page should open in default broweser...........................passed
When search and navigate to product page....................................passed
And Apply Filter............................................................passed
Then successfully Applied Filter............................................passed
]]></system-out>
</testcase>
<testcase classname="Check user is able to shop items by category" name="Successfully able to view category" time="18.143">
<system-out><![CDATA[
Given Page opens in ebay website............................................passed
When page loads click on shopbycategory.....................................passed
And click on computers and navigate back....................................passed
And click on cameras and navigate back......................................passed
And click on video games and navigate back..................................passed
Then successfully shop by category is working...............................passed
]]></system-out>
</testcase>
<testcase classname="Check user is able to shop items by all categories" name="Successfully Able to shop by all category" time="6.075">
<system-out><![CDATA[
Given Page opens in ebay all categories.....................................passed
When page loads click on All Categories.....................................passed
And select one category and press enter.....................................passed
Then successfully Shop By All category is working...........................passed
]]></system-out>
</testcase>
<testcase classname="Change Page to another COuntry" name="Check Flaf and click" time="13.592">
<failure type="org.openqa.selenium.NoSuchElementException" message="no such element: Unable to locate element: {&quot;method&quot;:&quot;css selector&quot;,&quot;selector&quot;:&quot;select&gt;option[value=&quot;IN&quot;]&quot;}
  (Session info: chrome=139.0.7258.129)
For documentation on this error, please visit: https://www.selenium.dev/documentation/webdriver/troubleshooting/errors#no-such-element-exception
Build info: version: '4.34.0', revision: '2a4c61c498'
System info: os.name: 'Windows 11', os.arch: 'amd64', os.version: '10.0', java.version: '21.0.5'
Driver info: org.openqa.selenium.chrome.ChromeDriver
Command: [de235f468b782389ade1194a2347c90c, findElement {value=select&gt;option[value=&quot;IN&quot;], using=css selector}]
Capabilities {acceptInsecureCerts: false, browserName: chrome, browserVersion: 139.0.7258.129, chrome: {chromedriverVersion: 139.0.7258.138 (884e54ea8d4..., userDataDir: C:\Users\prase\AppData\Loca...}, fedcm:accounts: true, goog:chromeOptions: {debuggerAddress: localhost:58383}, networkConnectionEnabled: false, pageLoadStrategy: normal, platformName: windows, proxy: Proxy(), se:cdp: ws://localhost:58383/devtoo..., se:cdpVersion: 139.0.7258.129, setWindowRect: true, strictFileInteractability: false, timeouts: {implicit: 0, pageLoad: 300000, script: 30000}, unhandledPromptBehavior: dismiss and notify, webauthn:extension:credBlob: true, webauthn:extension:largeBlob: true, webauthn:extension:minPinLength: true, webauthn:extension:prf: true, webauthn:virtualAuthenticators: true}
Session ID: de235f468b782389ade1194a2347c90c">
<![CDATA[org.openqa.selenium.NoSuchElementException: no such element: Unable to locate element: {"method":"css selector","selector":"select>option[value="IN"]"}
  (Session info: chrome=139.0.7258.129)
For documentation on this error, please visit: https://www.selenium.dev/documentation/webdriver/troubleshooting/errors#no-such-element-exception
Build info: version: '4.34.0', revision: '2a4c61c498'
System info: os.name: 'Windows 11', os.arch: 'amd64', os.version: '10.0', java.version: '21.0.5'
Driver info: org.openqa.selenium.chrome.ChromeDriver
Command: [de235f468b782389ade1194a2347c90c, findElement {value=select>option[value="IN"], using=css selector}]
Capabilities {acceptInsecureCerts: false, browserName: chrome, browserVersion: 139.0.7258.129, chrome: {chromedriverVersion: 139.0.7258.138 (884e54ea8d4..., userDataDir: C:\Users\prase\AppData\Loca...}, fedcm:accounts: true, goog:chromeOptions: {debuggerAddress: localhost:58383}, networkConnectionEnabled: false, pageLoadStrategy: normal, platformName: windows, proxy: Proxy(), se:cdp: ws://localhost:58383/devtoo..., se:cdpVersion: 139.0.7258.129, setWindowRect: true, strictFileInteractability: false, timeouts: {implicit: 0, pageLoad: 300000, script: 30000}, unhandledPromptBehavior: dismiss and notify, webauthn:extension:credBlob: true, webauthn:extension:largeBlob: true, webauthn:extension:minPinLength: true, webauthn:extension:prf: true, webauthn:virtualAuthenticators: true}
Session ID: de235f468b782389ade1194a2347c90c
	at java.base/jdk.internal.reflect.DirectConstructorHandleAccessor.newInstance(DirectConstructorHandleAccessor.java:62)
	at java.base/java.lang.reflect.Constructor.newInstanceWithCaller(Constructor.java:502)
	at java.base/java.lang.reflect.Constructor.newInstance(Constructor.java:486)
	at org.openqa.selenium.remote.ErrorCodec.decode(ErrorCodec.java:167)
	at org.openqa.selenium.remote.codec.w3c.W3CHttpResponseCodec.decode(W3CHttpResponseCodec.java:138)
	at org.openqa.selenium.remote.codec.w3c.W3CHttpResponseCodec.decode(W3CHttpResponseCodec.java:50)
	at org.openqa.selenium.remote.HttpCommandExecutor.execute(HttpCommandExecutor.java:215)
	at org.openqa.selenium.remote.service.DriverCommandExecutor.invokeExecute(DriverCommandExecutor.java:216)
	at org.openqa.selenium.remote.service.DriverCommandExecutor.execute(DriverCommandExecutor.java:174)
	at org.openqa.selenium.remote.RemoteWebDriver.execute(RemoteWebDriver.java:544)
	at org.openqa.selenium.remote.ElementLocation$ElementFinder$2.findElement(ElementLocation.java:165)
	at org.openqa.selenium.remote.ElementLocation.findElement(ElementLocation.java:59)
	at org.openqa.selenium.remote.RemoteWebDriver.findElement(RemoteWebDriver.java:367)
	at org.openqa.selenium.remote.RemoteWebDriver.findElement(RemoteWebDriver.java:361)
	at StepDefinition.PageClass.lang(PageClass.java:146)
	at StepDefinition.LanguageStep.click_on_any_flag(LanguageStep.java:27)
	at ✽.Click on any flag(file:///C:/Users/prase/wipro_training_java_selenium/Cucumber_Try/src/test/resources/features/07Language.feature:4)
]]>
</failure>
<system-out><![CDATA[
Given All Flags.............................................................passed
When Click on any flag......................................................failed
Then Choosed flag...........................................................skipped
]]></system-out>
</testcase>
<testcase classname="Product Detail Page" name="Whole Product description is displayed in new tab" time="25.159">
<failure type="org.openqa.selenium.NoSuchElementException" message="no such element: Unable to locate element: {&quot;method&quot;:&quot;xpath&quot;,&quot;selector&quot;:&quot;//*[@id=&quot;item2b24cf1791&quot;]/div/div[1]/div/a/div/img&quot;}
  (Session info: chrome=139.0.7258.129)
For documentation on this error, please visit: https://www.selenium.dev/documentation/webdriver/troubleshooting/errors#no-such-element-exception
Build info: version: '4.34.0', revision: '2a4c61c498'
System info: os.name: 'Windows 11', os.arch: 'amd64', os.version: '10.0', java.version: '21.0.5'
Driver info: org.openqa.selenium.chrome.ChromeDriver
Command: [18e1e03fa3dfa23d3324619838f0566e, findElement {value=//*[@id=&quot;item2b24cf1791&quot;]/div/div[1]/div/a/div/img, using=xpath}]
Capabilities {acceptInsecureCerts: false, browserName: chrome, browserVersion: 139.0.7258.129, chrome: {chromedriverVersion: 139.0.7258.138 (884e54ea8d4..., userDataDir: C:\Users\prase\AppData\Loca...}, fedcm:accounts: true, goog:chromeOptions: {debuggerAddress: localhost:58498}, networkConnectionEnabled: false, pageLoadStrategy: normal, platformName: windows, proxy: Proxy(), se:cdp: ws://localhost:58498/devtoo..., se:cdpVersion: 139.0.7258.129, setWindowRect: true, strictFileInteractability: false, timeouts: {implicit: 0, pageLoad: 300000, script: 30000}, unhandledPromptBehavior: dismiss and notify, webauthn:extension:credBlob: true, webauthn:extension:largeBlob: true, webauthn:extension:minPinLength: true, webauthn:extension:prf: true, webauthn:virtualAuthenticators: true}
Session ID: 18e1e03fa3dfa23d3324619838f0566e">
<![CDATA[org.openqa.selenium.NoSuchElementException: no such element: Unable to locate element: {"method":"xpath","selector":"//*[@id="item2b24cf1791"]/div/div[1]/div/a/div/img"}
  (Session info: chrome=139.0.7258.129)
For documentation on this error, please visit: https://www.selenium.dev/documentation/webdriver/troubleshooting/errors#no-such-element-exception
Build info: version: '4.34.0', revision: '2a4c61c498'
System info: os.name: 'Windows 11', os.arch: 'amd64', os.version: '10.0', java.version: '21.0.5'
Driver info: org.openqa.selenium.chrome.ChromeDriver
Command: [18e1e03fa3dfa23d3324619838f0566e, findElement {value=//*[@id="item2b24cf1791"]/div/div[1]/div/a/div/img, using=xpath}]
Capabilities {acceptInsecureCerts: false, browserName: chrome, browserVersion: 139.0.7258.129, chrome: {chromedriverVersion: 139.0.7258.138 (884e54ea8d4..., userDataDir: C:\Users\prase\AppData\Loca...}, fedcm:accounts: true, goog:chromeOptions: {debuggerAddress: localhost:58498}, networkConnectionEnabled: false, pageLoadStrategy: normal, platformName: windows, proxy: Proxy(), se:cdp: ws://localhost:58498/devtoo..., se:cdpVersion: 139.0.7258.129, setWindowRect: true, strictFileInteractability: false, timeouts: {implicit: 0, pageLoad: 300000, script: 30000}, unhandledPromptBehavior: dismiss and notify, webauthn:extension:credBlob: true, webauthn:extension:largeBlob: true, webauthn:extension:minPinLength: true, webauthn:extension:prf: true, webauthn:virtualAuthenticators: true}
Session ID: 18e1e03fa3dfa23d3324619838f0566e
	at java.base/jdk.internal.reflect.DirectConstructorHandleAccessor.newInstance(DirectConstructorHandleAccessor.java:62)
	at java.base/java.lang.reflect.Constructor.newInstanceWithCaller(Constructor.java:502)
	at java.base/java.lang.reflect.Constructor.newInstance(Constructor.java:486)
	at org.openqa.selenium.remote.ErrorCodec.decode(ErrorCodec.java:167)
	at org.openqa.selenium.remote.codec.w3c.W3CHttpResponseCodec.decode(W3CHttpResponseCodec.java:138)
	at org.openqa.selenium.remote.codec.w3c.W3CHttpResponseCodec.decode(W3CHttpResponseCodec.java:50)
	at org.openqa.selenium.remote.HttpCommandExecutor.execute(HttpCommandExecutor.java:215)
	at org.openqa.selenium.remote.service.DriverCommandExecutor.invokeExecute(DriverCommandExecutor.java:216)
	at org.openqa.selenium.remote.service.DriverCommandExecutor.execute(DriverCommandExecutor.java:174)
	at org.openqa.selenium.remote.RemoteWebDriver.execute(RemoteWebDriver.java:544)
	at org.openqa.selenium.remote.ElementLocation$ElementFinder$2.findElement(ElementLocation.java:165)
	at org.openqa.selenium.remote.ElementLocation.findElement(ElementLocation.java:59)
	at org.openqa.selenium.remote.RemoteWebDriver.findElement(RemoteWebDriver.java:367)
	at org.openqa.selenium.remote.RemoteWebDriver.findElement(RemoteWebDriver.java:361)
	at StepDefinition.PageClass.description(PageClass.java:138)
	at StepDefinition.RightClickStep.click_on_product(RightClickStep.java:27)
	at ✽.Click on  product(file:///C:/Users/prase/wipro_training_java_selenium/Cucumber_Try/src/test/resources/features/08RightClick.feature:4)
]]>
</failure>
<system-out><![CDATA[
Given Ebay WebPage on browser...............................................passed
When Click on  product......................................................failed
Then Product is Displayed...................................................skipped
]]></system-out>
</testcase>
<testcase classname="check user is able to change the addess" name="successful change address" time="24.014">
<system-out><![CDATA[
Given address page should be open in default browsers.......................passed
When click on address.......................................................passed
And click on edit button to chnage address..................................passed
Then successfully change address............................................passed
]]></system-out>
</testcase>
</testsuite>
