<?xml version="1.0" encoding="UTF-8"?>
<!-- Generated by org.testng.reporters.JUnitXMLReporter -->
<testsuite ignored="0" hostname="Prasenjit" failures="0" tests="4" name="ParallelTestExecution" time="24.185" errors="0" timestamp="2025-08-14T14:10:29 IST">
  <testcase classname="testing_package.Para_testing" name="eBay" time="18.743"/>
  <testcase classname="testing_package.Para_testing" name="flipkart" time="19.308"/>
  <testcase classname="testing_package.Para_testing" name="zerobank" time="20.524"/>
  <testcase classname="testing_package.Para_testing" name="amazon" time="24.12"/>
</testsuite> <!-- ParallelTestExecution -->
