<?xml version="1.0" encoding="UTF-8"?>
<!-- Generated by org.testng.reporters.JUnitXMLReporter -->
<testsuite ignored="0" hostname="Prasenjit" failures="0" tests="3" name="EbayLoginTest" time="43.691" errors="0" timestamp="2025-08-18T15:55:52 IST">
  <testcase classname="TestNG_practiceQuestions18August.LoginSearchLogoutDependant" name="loginEbay" time="12.765"/>
  <testcase classname="TestNG_practiceQuestions18August.LoginSearchLogoutDependant" name="searchProduct" time="8.905"/>
  <testcase classname="TestNG_practiceQuestions18August.LoginSearchLogoutDependant" name="logout" time="11.565"/>
</testsuite> <!-- EbayLoginTest -->
